<?xml version="1.0" encoding="UTF-8"?>
<testsuite xmlns:xsi="http://www.w3.org/2001/XMLSchema-instance" xsi:noNamespaceSchemaLocation="https://maven.apache.org/surefire/maven-surefire-plugin/xsd/surefire-test-report-3.0.xsd" version="3.0" name="org.example.AppTest" time="0.014" tests="1" errors="0" skipped="0" failures="0">
  <properties>
    <property name="sun.desktop" value="windows"/>
    <property name="awt.toolkit" value="sun.awt.windows.WToolkit"/>
    <property name="java.specification.version" value="11"/>
    <property name="sun.cpu.isalist" value="amd64"/>
    <property name="sun.jnu.encoding" value="GBK"/>
    <property name="java.class.path" value="F:\IP\MavenProject\tpch-flink\target\test-classes;F:\IP\MavenProject\tpch-flink\target\classes;C:\Users\reyze\.m2\repository\junit\junit\3.8.1\junit-3.8.1.jar;C:\Users\reyze\.m2\repository\org\apache\flink\flink-java\1.17.1\flink-java-1.17.1.jar;C:\Users\reyze\.m2\repository\org\apache\commons\commons-lang3\3.12.0\commons-lang3-3.12.0.jar;C:\Users\reyze\.m2\repository\org\apache\commons\commons-math3\3.6.1\commons-math3-3.6.1.jar;C:\Users\reyze\.m2\repository\com\twitter\chill-java\0.7.6\chill-java-0.7.6.jar;C:\Users\reyze\.m2\repository\org\slf4j\slf4j-api\1.7.36\slf4j-api-1.7.36.jar;C:\Users\reyze\.m2\repository\com\google\code\findbugs\jsr305\1.3.9\jsr305-1.3.9.jar;C:\Users\reyze\.m2\repository\org\apache\flink\flink-streaming-java\1.17.1\flink-streaming-java-1.17.1.jar;C:\Users\reyze\.m2\repository\org\apache\flink\flink-file-sink-common\1.17.1\flink-file-sink-common-1.17.1.jar;C:\Users\reyze\.m2\repository\org\apache\flink\flink-runtime\1.17.1\flink-runtime-1.17.1.jar;C:\Users\reyze\.m2\repository\org\apache\flink\flink-rpc-core\1.17.1\flink-rpc-core-1.17.1.jar;C:\Users\reyze\.m2\repository\org\apache\flink\flink-rpc-akka-loader\1.17.1\flink-rpc-akka-loader-1.17.1.jar;C:\Users\reyze\.m2\repository\org\apache\flink\flink-queryable-state-client-java\1.17.1\flink-queryable-state-client-java-1.17.1.jar;C:\Users\reyze\.m2\repository\org\apache\flink\flink-hadoop-fs\1.17.1\flink-hadoop-fs-1.17.1.jar;C:\Users\reyze\.m2\repository\commons-io\commons-io\2.11.0\commons-io-2.11.0.jar;C:\Users\reyze\.m2\repository\org\apache\flink\flink-shaded-netty\4.1.82.Final-16.1\flink-shaded-netty-4.1.82.Final-16.1.jar;C:\Users\reyze\.m2\repository\org\apache\flink\flink-shaded-zookeeper-3\3.7.1-16.1\flink-shaded-zookeeper-3-3.7.1-16.1.jar;C:\Users\reyze\.m2\repository\commons-cli\commons-cli\1.5.0\commons-cli-1.5.0.jar;C:\Users\reyze\.m2\repository\org\javassist\javassist\3.24.0-GA\javassist-3.24.0-GA.jar;C:\Users\reyze\.m2\repository\org\xerial\snappy\snappy-java\1.1.8.3\snappy-java-1.1.8.3.jar;C:\Users\reyze\.m2\repository\org\lz4\lz4-java\1.8.0\lz4-java-1.8.0.jar;C:\Users\reyze\.m2\repository\org\apache\flink\flink-shaded-guava\30.1.1-jre-16.1\flink-shaded-guava-30.1.1-jre-16.1.jar;C:\Users\reyze\.m2\repository\org\apache\flink\flink-table-api-java\1.17.1\flink-table-api-java-1.17.1.jar;C:\Users\reyze\.m2\repository\org\apache\flink\flink-table-common\1.17.1\flink-table-common-1.17.1.jar;C:\Users\reyze\.m2\repository\com\ibm\icu\icu4j\67.1\icu4j-67.1.jar;C:\Users\reyze\.m2\repository\org\apache\flink\flink-table-api-java-bridge\1.17.1\flink-table-api-java-bridge-1.17.1.jar;C:\Users\reyze\.m2\repository\org\apache\flink\flink-table-api-bridge-base\1.17.1\flink-table-api-bridge-base-1.17.1.jar;C:\Users\reyze\.m2\repository\org\apache\flink\flink-core\1.17.1\flink-core-1.17.1.jar;C:\Users\reyze\.m2\repository\org\apache\flink\flink-annotations\1.17.1\flink-annotations-1.17.1.jar;C:\Users\reyze\.m2\repository\org\apache\flink\flink-metrics-core\1.17.1\flink-metrics-core-1.17.1.jar;C:\Users\reyze\.m2\repository\org\apache\flink\flink-shaded-asm-9\9.3-16.1\flink-shaded-asm-9-9.3-16.1.jar;C:\Users\reyze\.m2\repository\org\apache\flink\flink-shaded-jackson\2.13.4-16.1\flink-shaded-jackson-2.13.4-16.1.jar;C:\Users\reyze\.m2\repository\org\apache\commons\commons-text\1.10.0\commons-text-1.10.0.jar;C:\Users\reyze\.m2\repository\com\esotericsoftware\kryo\kryo\2.24.0\kryo-2.24.0.jar;C:\Users\reyze\.m2\repository\com\esotericsoftware\minlog\minlog\1.2\minlog-1.2.jar;C:\Users\reyze\.m2\repository\org\objenesis\objenesis\2.1\objenesis-2.1.jar;C:\Users\reyze\.m2\repository\commons-collections\commons-collections\3.2.2\commons-collections-3.2.2.jar;C:\Users\reyze\.m2\repository\org\apache\commons\commons-compress\1.21\commons-compress-1.21.jar;C:\Users\reyze\.m2\repository\org\apache\flink\flink-connector-files\1.17.1\flink-connector-files-1.17.1.jar;C:\Users\reyze\.m2\repository\org\apache\flink\flink-shaded-force-shading\16.1\flink-shaded-force-shading-16.1.jar;C:\Users\reyze\.m2\repository\org\apache\flink\flink-connector-kafka\3.2.0-1.18\flink-connector-kafka-3.2.0-1.18.jar;C:\Users\reyze\.m2\repository\org\apache\kafka\kafka-clients\3.4.0\kafka-clients-3.4.0.jar;C:\Users\reyze\.m2\repository\com\github\luben\zstd-jni\1.5.2-1\zstd-jni-1.5.2-1.jar;C:\Users\reyze\.m2\repository\com\google\guava\guava\32.1.2-jre\guava-32.1.2-jre.jar;C:\Users\reyze\.m2\repository\com\google\guava\failureaccess\1.0.1\failureaccess-1.0.1.jar;C:\Users\reyze\.m2\repository\com\google\guava\listenablefuture\9999.0-empty-to-avoid-conflict-with-guava\listenablefuture-9999.0-empty-to-avoid-conflict-with-guava.jar;C:\Users\reyze\.m2\repository\org\checkerframework\checker-qual\3.33.0\checker-qual-3.33.0.jar;C:\Users\reyze\.m2\repository\com\google\errorprone\error_prone_annotations\2.18.0\error_prone_annotations-2.18.0.jar;C:\Users\reyze\.m2\repository\com\google\j2objc\j2objc-annotations\2.8\j2objc-annotations-2.8.jar;C:\Users\reyze\.m2\repository\com\fasterxml\jackson\core\jackson-core\2.15.2\jackson-core-2.15.2.jar;C:\Users\reyze\.m2\repository\com\fasterxml\jackson\core\jackson-databind\2.15.2\jackson-databind-2.15.2.jar;C:\Users\reyze\.m2\repository\com\fasterxml\jackson\core\jackson-annotations\2.15.2\jackson-annotations-2.15.2.jar;C:\Users\reyze\.m2\repository\com\fasterxml\jackson\datatype\jackson-datatype-jsr310\2.15.2\jackson-datatype-jsr310-2.15.2.jar;C:\Users\reyze\.m2\repository\com\fasterxml\jackson\datatype\jackson-datatype-jdk8\2.15.2\jackson-datatype-jdk8-2.15.2.jar;C:\Users\reyze\.m2\repository\org\json\json\20210307\json-20210307.jar;"/>
    <property name="java.vm.vendor" value="Microsoft"/>
    <property name="sun.arch.data.model" value="64"/>
    <property name="user.variant" value=""/>
    <property name="java.vendor.url" value="https://www.microsoft.com"/>
    <property name="user.timezone" value="Asia/Shanghai"/>
    <property name="java.vm.specification.version" value="11"/>
    <property name="os.name" value="Windows 11"/>
    <property name="sun.java.launcher" value="SUN_STANDARD"/>
    <property name="user.country" value="CN"/>
    <property name="sun.boot.library.path" value="C:\Program Files\Microsoft\jdk-11.0.16.101-hotspot\bin"/>
    <property name="sun.java.command" value="F:\IP\Cygwin\tmp\surefire16122717745018318011\surefirebooter-20241218180040413_3.jar F:\IP\Cygwin\tmp\surefire16122717745018318011 2024-12-18T18-00-39_471-jvmRun1 surefire-20241218180040413_1tmp surefire_0-20241218180040413_2tmp"/>
    <property name="jdk.debug" value="release"/>
    <property name="surefire.test.class.path" value="F:\IP\MavenProject\tpch-flink\target\test-classes;F:\IP\MavenProject\tpch-flink\target\classes;C:\Users\reyze\.m2\repository\junit\junit\3.8.1\junit-3.8.1.jar;C:\Users\reyze\.m2\repository\org\apache\flink\flink-java\1.17.1\flink-java-1.17.1.jar;C:\Users\reyze\.m2\repository\org\apache\commons\commons-lang3\3.12.0\commons-lang3-3.12.0.jar;C:\Users\reyze\.m2\repository\org\apache\commons\commons-math3\3.6.1\commons-math3-3.6.1.jar;C:\Users\reyze\.m2\repository\com\twitter\chill-java\0.7.6\chill-java-0.7.6.jar;C:\Users\reyze\.m2\repository\org\slf4j\slf4j-api\1.7.36\slf4j-api-1.7.36.jar;C:\Users\reyze\.m2\repository\com\google\code\findbugs\jsr305\1.3.9\jsr305-1.3.9.jar;C:\Users\reyze\.m2\repository\org\apache\flink\flink-streaming-java\1.17.1\flink-streaming-java-1.17.1.jar;C:\Users\reyze\.m2\repository\org\apache\flink\flink-file-sink-common\1.17.1\flink-file-sink-common-1.17.1.jar;C:\Users\reyze\.m2\repository\org\apache\flink\flink-runtime\1.17.1\flink-runtime-1.17.1.jar;C:\Users\reyze\.m2\repository\org\apache\flink\flink-rpc-core\1.17.1\flink-rpc-core-1.17.1.jar;C:\Users\reyze\.m2\repository\org\apache\flink\flink-rpc-akka-loader\1.17.1\flink-rpc-akka-loader-1.17.1.jar;C:\Users\reyze\.m2\repository\org\apache\flink\flink-queryable-state-client-java\1.17.1\flink-queryable-state-client-java-1.17.1.jar;C:\Users\reyze\.m2\repository\org\apache\flink\flink-hadoop-fs\1.17.1\flink-hadoop-fs-1.17.1.jar;C:\Users\reyze\.m2\repository\commons-io\commons-io\2.11.0\commons-io-2.11.0.jar;C:\Users\reyze\.m2\repository\org\apache\flink\flink-shaded-netty\4.1.82.Final-16.1\flink-shaded-netty-4.1.82.Final-16.1.jar;C:\Users\reyze\.m2\repository\org\apache\flink\flink-shaded-zookeeper-3\3.7.1-16.1\flink-shaded-zookeeper-3-3.7.1-16.1.jar;C:\Users\reyze\.m2\repository\commons-cli\commons-cli\1.5.0\commons-cli-1.5.0.jar;C:\Users\reyze\.m2\repository\org\javassist\javassist\3.24.0-GA\javassist-3.24.0-GA.jar;C:\Users\reyze\.m2\repository\org\xerial\snappy\snappy-java\1.1.8.3\snappy-java-1.1.8.3.jar;C:\Users\reyze\.m2\repository\org\lz4\lz4-java\1.8.0\lz4-java-1.8.0.jar;C:\Users\reyze\.m2\repository\org\apache\flink\flink-shaded-guava\30.1.1-jre-16.1\flink-shaded-guava-30.1.1-jre-16.1.jar;C:\Users\reyze\.m2\repository\org\apache\flink\flink-table-api-java\1.17.1\flink-table-api-java-1.17.1.jar;C:\Users\reyze\.m2\repository\org\apache\flink\flink-table-common\1.17.1\flink-table-common-1.17.1.jar;C:\Users\reyze\.m2\repository\com\ibm\icu\icu4j\67.1\icu4j-67.1.jar;C:\Users\reyze\.m2\repository\org\apache\flink\flink-table-api-java-bridge\1.17.1\flink-table-api-java-bridge-1.17.1.jar;C:\Users\reyze\.m2\repository\org\apache\flink\flink-table-api-bridge-base\1.17.1\flink-table-api-bridge-base-1.17.1.jar;C:\Users\reyze\.m2\repository\org\apache\flink\flink-core\1.17.1\flink-core-1.17.1.jar;C:\Users\reyze\.m2\repository\org\apache\flink\flink-annotations\1.17.1\flink-annotations-1.17.1.jar;C:\Users\reyze\.m2\repository\org\apache\flink\flink-metrics-core\1.17.1\flink-metrics-core-1.17.1.jar;C:\Users\reyze\.m2\repository\org\apache\flink\flink-shaded-asm-9\9.3-16.1\flink-shaded-asm-9-9.3-16.1.jar;C:\Users\reyze\.m2\repository\org\apache\flink\flink-shaded-jackson\2.13.4-16.1\flink-shaded-jackson-2.13.4-16.1.jar;C:\Users\reyze\.m2\repository\org\apache\commons\commons-text\1.10.0\commons-text-1.10.0.jar;C:\Users\reyze\.m2\repository\com\esotericsoftware\kryo\kryo\2.24.0\kryo-2.24.0.jar;C:\Users\reyze\.m2\repository\com\esotericsoftware\minlog\minlog\1.2\minlog-1.2.jar;C:\Users\reyze\.m2\repository\org\objenesis\objenesis\2.1\objenesis-2.1.jar;C:\Users\reyze\.m2\repository\commons-collections\commons-collections\3.2.2\commons-collections-3.2.2.jar;C:\Users\reyze\.m2\repository\org\apache\commons\commons-compress\1.21\commons-compress-1.21.jar;C:\Users\reyze\.m2\repository\org\apache\flink\flink-connector-files\1.17.1\flink-connector-files-1.17.1.jar;C:\Users\reyze\.m2\repository\org\apache\flink\flink-shaded-force-shading\16.1\flink-shaded-force-shading-16.1.jar;C:\Users\reyze\.m2\repository\org\apache\flink\flink-connector-kafka\3.2.0-1.18\flink-connector-kafka-3.2.0-1.18.jar;C:\Users\reyze\.m2\repository\org\apache\kafka\kafka-clients\3.4.0\kafka-clients-3.4.0.jar;C:\Users\reyze\.m2\repository\com\github\luben\zstd-jni\1.5.2-1\zstd-jni-1.5.2-1.jar;C:\Users\reyze\.m2\repository\com\google\guava\guava\32.1.2-jre\guava-32.1.2-jre.jar;C:\Users\reyze\.m2\repository\com\google\guava\failureaccess\1.0.1\failureaccess-1.0.1.jar;C:\Users\reyze\.m2\repository\com\google\guava\listenablefuture\9999.0-empty-to-avoid-conflict-with-guava\listenablefuture-9999.0-empty-to-avoid-conflict-with-guava.jar;C:\Users\reyze\.m2\repository\org\checkerframework\checker-qual\3.33.0\checker-qual-3.33.0.jar;C:\Users\reyze\.m2\repository\com\google\errorprone\error_prone_annotations\2.18.0\error_prone_annotations-2.18.0.jar;C:\Users\reyze\.m2\repository\com\google\j2objc\j2objc-annotations\2.8\j2objc-annotations-2.8.jar;C:\Users\reyze\.m2\repository\com\fasterxml\jackson\core\jackson-core\2.15.2\jackson-core-2.15.2.jar;C:\Users\reyze\.m2\repository\com\fasterxml\jackson\core\jackson-databind\2.15.2\jackson-databind-2.15.2.jar;C:\Users\reyze\.m2\repository\com\fasterxml\jackson\core\jackson-annotations\2.15.2\jackson-annotations-2.15.2.jar;C:\Users\reyze\.m2\repository\com\fasterxml\jackson\datatype\jackson-datatype-jsr310\2.15.2\jackson-datatype-jsr310-2.15.2.jar;C:\Users\reyze\.m2\repository\com\fasterxml\jackson\datatype\jackson-datatype-jdk8\2.15.2\jackson-datatype-jdk8-2.15.2.jar;C:\Users\reyze\.m2\repository\org\json\json\20210307\json-20210307.jar;"/>
    <property name="sun.cpu.endian" value="little"/>
    <property name="user.home" value="C:\Users\reyze"/>
    <property name="user.language" value="zh"/>
    <property name="java.specification.vendor" value="Oracle Corporation"/>
    <property name="java.version.date" value="2022-08-12"/>
    <property name="java.home" value="C:\Program Files\Microsoft\jdk-11.0.16.101-hotspot"/>
    <property name="file.separator" value="\"/>
    <property name="basedir" value="F:\IP\MavenProject\tpch-flink"/>
    <property name="java.vm.compressedOopsMode" value="Zero based"/>
    <property name="line.separator" value="&#10;"/>
    <property name="java.specification.name" value="Java Platform API Specification"/>
    <property name="java.vm.specification.vendor" value="Oracle Corporation"/>
    <property name="java.awt.graphicsenv" value="sun.awt.Win32GraphicsEnvironment"/>
    <property name="surefire.real.class.path" value="F:\IP\Cygwin\tmp\surefire16122717745018318011\surefirebooter-20241218180040413_3.jar"/>
    <property name="user.script" value=""/>
    <property name="sun.management.compiler" value="HotSpot 64-Bit Tiered Compilers"/>
    <property name="java.runtime.version" value="11.0.16.1+1-LTS"/>
    <property name="user.name" value="reyze"/>
    <property name="path.separator" value=";"/>
    <property name="os.version" value="10.0"/>
    <property name="java.runtime.name" value="OpenJDK Runtime Environment"/>
    <property name="file.encoding" value="GBK"/>
    <property name="java.vm.name" value="OpenJDK 64-Bit Server VM"/>
    <property name="java.vendor.version" value="Microsoft-40648"/>
    <property name="localRepository" value="C:\Users\reyze\.m2\repository"/>
    <property name="java.vendor.url.bug" value="https://github.com/microsoft/openjdk/issues"/>
    <property name="java.io.tmpdir" value="F:\IP\Cygwin\tmp\"/>
    <property name="java.version" value="11.0.16.1"/>
    <property name="user.dir" value="F:\IP\MavenProject\tpch-flink"/>
    <property name="os.arch" value="amd64"/>
    <property name="java.vm.specification.name" value="Java Virtual Machine Specification"/>
    <property name="java.awt.printerjob" value="sun.awt.windows.WPrinterJob"/>
    <property name="sun.os.patch.level" value=""/>
    <property name="java.library.path" value="C:\Program Files\Microsoft\jdk-11.0.16.101-hotspot\bin;C:\WINDOWS\Sun\Java\bin;C:\WINDOWS\system32;C:\WINDOWS;F:\IP\Cygwin\usr\local\bin;F:\IP\Cygwin\bin;F:\VMmachine\bin;C:\Program Files\Microsoft\jdk-11.0.16.101-hotspot\bin;C:\Windows\system32;C:\Windows;C:\Windows\System32\Wbem;C:\Windows\System32\WindowsPowerShell\v1.0;C:\Windows\System32\OpenSSH;C:\Program Files (x86)\NVIDIA Corporation\PhysX\Common;C:\Program Files\NVIDIA Corporation\NVIDIA NvDLISR;C:\Program Files\dotnet;C:\Program Files\Microsoft SQL Server\130\Tools\Binn;C:\Program Files\Common Files\Autodesk Shared;C:\Program Files\Microsoft SQL Server\120\Tools\Binn;C:\Program Files\Git\cmd;C:\WINDOWS\system32;C:\WINDOWS;C:\WINDOWS\System32\Wbem;C:\WINDOWS\System32\WindowsPowerShell\v1.0;C:\WINDOWS\System32\OpenSSH;C:\Program Files\Git LFS;F:\leetcode;D:\hadoop\bin;C:\Program Files\Microsoft SQL Server\150\Tools\Binn;C:\Program Files\Microsoft SQL Server\Client SDK\ODBC\170\Tools\Binn;F:\微信web开发者工具\dll;F:\IP\apache-maven-3.9.9-bin\apache-maven-3.9.9\bin;F:\IP\flink-1.19.1-bin-scala_2.12\flink-1.19.1\bin;C:\Users\reyze\AppData\Local\Microsoft\WindowsApps;C:\Users\reyze\.dotnet\tools;D:\Vscode\Microsoft VS Code\bin;C:\Users\reyze\AppData\Local\GitHubDesktop\bin;C:\Users\reyze\AppData\Roaming\npm;."/>
    <property name="java.vm.info" value="mixed mode"/>
    <property name="java.vendor" value="Microsoft"/>
    <property name="java.vm.version" value="11.0.16.1+1-LTS"/>
    <property name="sun.io.unicode.encoding" value="UnicodeLittle"/>
    <property name="java.class.version" value="55.0"/>
  </properties>
  <testcase name="testApp" classname="org.example.AppTest" time="0.001"/>
</testsuite>